-------------------------------------------------------------------------------
Test set: junit.test.MathUtilsTest
-------------------------------------------------------------------------------
Tests run: 2, Failures: 1, Errors: 0, Skipped: 0, Time elapsed: 0.012 s <<< FAILURE! - in junit.test.MathUtilsTest
test1  Time elapsed: 0.01 s  <<< FAILURE!
org.opentest4j.AssertionFailedError: Not yet implemented
	at junit.test.MathUtilsTest.test1(MathUtilsTest.java:12)

